<?xml version="1.0" encoding="UTF-8"?>
<testsuite xmlns:xsi="http://www.w3.org/2001/XMLSchema-instance" xsi:noNamespaceSchemaLocation="https://maven.apache.org/surefire/maven-surefire-plugin/xsd/surefire-test-report.xsd" name="io.pratik.elasticsearch.productsearchapp.ProductSearchServiceWithRepoTest" time="0.528" tests="5" errors="0" skipped="0" failures="0">
  <properties>
[...]
</properties>
  <testcase name="testCreateProductIndexBulk" classname="io.pratik.elasticsearch.productsearchapp.ProductSearchServiceWithRepoTest" time="0.14"/>
  <testcase name="testFetchProductByName" classname="io.pratik.elasticsearch.productsearchapp.ProductSearchServiceWithRepoTest" time="0.163"/>
  <testcase name="testFetchProductByManufacturerAndCategory" classname="io.pratik.elasticsearch.productsearchapp.ProductSearchServiceWithRepoTest" time="0.039"/>
  <testcase name="testCreateProductIndex" classname="io.pratik.elasticsearch.productsearchapp.ProductSearchServiceWithRepoTest" time="0.134"/>
  <testcase name="testFetchProductByManufacturer" classname="io.pratik.elasticsearch.productsearchapp.ProductSearchServiceWithRepoTest" time="0.043"/>
</testsuite>